# JRE version: Java(TM) SE Runtime Environment 18.9 (11.0.10+8) (build 11.0.10+8-LTS-162)
# Java VM: Java HotSpot(TM) 64-Bit Server VM 18.9 (11.0.10+8-LTS-162, mixed mode, tiered, compressed oops, g1 gc, bsd-amd64)
Heap:
 garbage-first heap   total 548864K, used 518696K [0x0000000780000000, 0x0000000800000000)
  region size 1024K, 12 young (12288K), 1 survivors (1024K)
 Metaspace       used 19058K, capacity 19446K, committed 19584K, reserved 1067008K
  class space    used 1965K, capacity 2121K, committed 2176K, reserved 1048576K
GC Heap History (10 events):
Event: 80.168 GC heap before
{Heap before GC invocations=102 (full 0):
 garbage-first heap   total 548864K, used 514849K [0x0000000780000000, 0x0000000800000000)
  region size 1024K, 26 young (26624K), 4 survivors (4096K)
 Metaspace       used 19026K, capacity 19380K, committed 19584K, reserved 1067008K
  class space    used 1964K, capacity 2121K, committed 2176K, reserved 1048576K
}
Event: 80.195 GC heap after
{Heap after GC invocations=103 (full 0):
 garbage-first heap   total 548864K, used 500362K [0x0000000780000000, 0x0000000800000000)
  region size 1024K, 4 young (4096K), 4 survivors (4096K)
 Metaspace       used 19026K, capacity 19380K, committed 19584K, reserved 1067008K
  class space    used 1964K, capacity 2121K, committed 2176K, reserved 1048576K
}
Event: 80.944 GC heap before
{Heap before GC invocations=103 (full 0):
 garbage-first heap   total 548864K, used 522890K [0x0000000780000000, 0x0000000800000000)
  region size 1024K, 26 young (26624K), 4 survivors (4096K)
 Metaspace       used 19026K, capacity 19380K, committed 19584K, reserved 1067008K
  class space    used 1964K, capacity 2121K, committed 2176K, reserved 1048576K
}
Event: 80.962 GC heap after
{Heap after GC invocations=104 (full 0):
 garbage-first heap   total 548864K, used 509119K [0x0000000780000000, 0x0000000800000000)
  region size 1024K, 4 young (4096K), 4 survivors (4096K)
 Metaspace       used 19026K, capacity 19380K, committed 19584K, reserved 1067008K
  class space    used 1964K, capacity 2121K, committed 2176K, reserved 1048576K
}
Event: 128.303 GC heap before
{Heap before GC invocations=105 (full 0):
 garbage-first heap   total 548864K, used 531647K [0x0000000780000000, 0x0000000800000000)
  region size 1024K, 26 young (26624K), 4 survivors (4096K)
 Metaspace       used 19052K, capacity 19446K, committed 19584K, reserved 1067008K
  class space    used 1965K, capacity 2121K, committed 2176K, reserved 1048576K
}
Event: 128.343 GC heap after
{Heap after GC invocations=106 (full 0):
 garbage-first heap   total 548864K, used 510534K [0x0000000780000000, 0x0000000800000000)
  region size 1024K, 1 young (1024K), 1 survivors (1024K)
 Metaspace       used 19052K, capacity 19446K, committed 19584K, reserved 1067008K
  class space    used 1965K, capacity 2121K, committed 2176K, reserved 1048576K
}
Event: 136.076 GC heap before
{Heap before GC invocations=106 (full 0):
 garbage-first heap   total 548864K, used 536134K [0x0000000780000000, 0x0000000800000000)
  region size 1024K, 26 young (26624K), 1 survivors (1024K)
 Metaspace       used 19054K, capacity 19446K, committed 19584K, reserved 1067008K
  class space    used 1965K, capacity 2121K, committed 2176K, reserved 1048576K
}
Event: 136.100 GC heap after
{Heap after GC invocations=107 (full 0):
 garbage-first heap   total 548864K, used 508516K [0x0000000780000000, 0x0000000800000000)
  region size 1024K, 1 young (1024K), 1 survivors (1024K)
 Metaspace       used 19054K, capacity 19446K, committed 19584K, reserved 1067008K
  class space    used 1965K, capacity 2121K, committed 2176K, reserved 1048576K
}
Event: 148.374 GC heap before
{Heap before GC invocations=107 (full 0):
 garbage-first heap   total 548864K, used 534116K [0x0000000780000000, 0x0000000800000000)
  region size 1024K, 26 young (26624K), 1 survivors (1024K)
 Metaspace       used 19057K, capacity 19446K, committed 19584K, reserved 1067008K
  class space    used 1965K, capacity 2121K, committed 2176K, reserved 1048576K
}
Event: 148.378 GC heap after
{Heap after GC invocations=108 (full 0):
 garbage-first heap   total 548864K, used 508456K [0x0000000780000000, 0x0000000800000000)
  region size 1024K, 1 young (1024K), 1 survivors (1024K)
 Metaspace       used 19057K, capacity 19446K, committed 19584K, reserved 1067008K
  class space    used 1965K, capacity 2121K, committed 2176K, reserved 1048576K
}

