# JRE version: Java(TM) SE Runtime Environment 18.9 (11.0.10+8) (build 11.0.10+8-LTS-162)
# Java VM: Java HotSpot(TM) 64-Bit Server VM 18.9 (11.0.10+8-LTS-162, mixed mode, tiered, compressed oops, g1 gc, bsd-amd64)
Heap:
 garbage-first heap   total 220160K, used 125998K [0x0000000780000000, 0x0000000800000000)
  region size 1024K, 13 young (13312K), 4 survivors (4096K)
 Metaspace       used 18327K, capacity 18644K, committed 18944K, reserved 1067008K
  class space    used 1909K, capacity 2022K, committed 2048K, reserved 1048576K
GC Heap History (10 events):
Event: 3.248 GC heap after
{Heap after GC invocations=9 (full 0):
 garbage-first heap   total 177152K, used 99107K [0x0000000780000000, 0x0000000800000000)
  region size 1024K, 3 young (3072K), 3 survivors (3072K)
 Metaspace       used 10876K, capacity 11148K, committed 11392K, reserved 1058816K
  class space    used 1029K, capacity 1138K, committed 1152K, reserved 1048576K
}
Event: 3.375 GC heap before
{Heap before GC invocations=9 (full 0):
 garbage-first heap   total 177152K, used 111395K [0x0000000780000000, 0x0000000800000000)
  region size 1024K, 17 young (17408K), 3 survivors (3072K)
 Metaspace       used 10876K, capacity 11148K, committed 11392K, reserved 1058816K
  class space    used 1029K, capacity 1138K, committed 1152K, reserved 1048576K
}
Event: 3.378 GC heap after
{Heap after GC invocations=10 (full 0):
 garbage-first heap   total 220160K, used 102754K [0x0000000780000000, 0x0000000800000000)
  region size 1024K, 4 young (4096K), 4 survivors (4096K)
 Metaspace       used 10876K, capacity 11148K, committed 11392K, reserved 1058816K
  class space    used 1029K, capacity 1138K, committed 1152K, reserved 1048576K
}
Event: 3.509 GC heap before
{Heap before GC invocations=11 (full 0):
 garbage-first heap   total 220160K, used 104802K [0x0000000780000000, 0x0000000800000000)
  region size 1024K, 5 young (5120K), 4 survivors (4096K)
 Metaspace       used 10876K, capacity 11148K, committed 11392K, reserved 1058816K
  class space    used 1029K, capacity 1138K, committed 1152K, reserved 1048576K
}
Event: 3.511 GC heap after
{Heap after GC invocations=12 (full 0):
 garbage-first heap   total 220160K, used 104846K [0x0000000780000000, 0x0000000800000000)
  region size 1024K, 1 young (1024K), 1 survivors (1024K)
 Metaspace       used 10876K, capacity 11148K, committed 11392K, reserved 1058816K
  class space    used 1029K, capacity 1138K, committed 1152K, reserved 1048576K
}
Event: 3.960 GC heap before
{Heap before GC invocations=13 (full 0):
 garbage-first heap   total 220160K, used 136590K [0x0000000780000000, 0x0000000800000000)
  region size 1024K, 32 young (32768K), 1 survivors (1024K)
 Metaspace       used 10876K, capacity 11148K, committed 11392K, reserved 1058816K
  class space    used 1029K, capacity 1138K, committed 1152K, reserved 1048576K
}
Event: 3.967 GC heap after
{Heap after GC invocations=14 (full 0):
 garbage-first heap   total 220160K, used 113159K [0x0000000780000000, 0x0000000800000000)
  region size 1024K, 5 young (5120K), 5 survivors (5120K)
 Metaspace       used 10876K, capacity 11148K, committed 11392K, reserved 1058816K
  class space    used 1029K, capacity 1138K, committed 1152K, reserved 1048576K
}
Event: 12.656 GC heap before
{Heap before GC invocations=15 (full 0):
 garbage-first heap   total 220160K, used 157191K [0x0000000780000000, 0x0000000800000000)
  region size 1024K, 53 young (54272K), 5 survivors (5120K)
 Metaspace       used 16808K, capacity 17049K, committed 17280K, reserved 1064960K
  class space    used 1723K, capacity 1831K, committed 1920K, reserved 1048576K
}
Event: 12.676 GC heap after
{Heap after GC invocations=16 (full 0):
 garbage-first heap   total 220160K, used 116860K [0x0000000780000000, 0x0000000800000000)
  region size 1024K, 7 young (7168K), 7 survivors (7168K)
 Metaspace       used 16808K, capacity 17049K, committed 17280K, reserved 1064960K
  class space    used 1723K, capacity 1831K, committed 1920K, reserved 1048576K
}
Event: 13.841 GC heap before
{Heap before GC invocations=16 (full 0):
 garbage-first heap   total 220160K, used 124028K [0x0000000780000000, 0x0000000800000000)
  region size 1024K, 16 young (16384K), 7 survivors (7168K)
 Metaspace       used 18327K, capacity 18644K, committed 18944K, reserved 1067008K
  class space    used 1909K, capacity 2022K, committed 2048K, reserved 1048576K
}

