# JRE version: Java(TM) SE Runtime Environment 18.9 (11.0.10+8) (build 11.0.10+8-LTS-162)
# Java VM: Java HotSpot(TM) 64-Bit Server VM 18.9 (11.0.10+8-LTS-162, mixed mode, tiered, compressed oops, g1 gc, bsd-amd64)
Heap:
 garbage-first heap   total 173056K, used 86016K [0x0000000780000000, 0x0000000800000000)
  region size 1024K, 5 young (5120K), 3 survivors (3072K)
 Metaspace       used 14668K, capacity 14904K, committed 15104K, reserved 1062912K
  class space    used 1379K, capacity 1474K, committed 1536K, reserved 1048576K
GC Heap History (10 events):
Event: 0.457 GC heap before
{Heap before GC invocations=0 (full 0):
 garbage-first heap   total 131072K, used 24576K [0x0000000780000000, 0x0000000800000000)
  region size 1024K, 24 young (24576K), 0 survivors (0K)
 Metaspace       used 9856K, capacity 9972K, committed 10240K, reserved 1058816K
  class space    used 886K, capacity 939K, committed 1024K, reserved 1048576K
}
Event: 0.460 GC heap after
{Heap after GC invocations=1 (full 0):
 garbage-first heap   total 131072K, used 2229K [0x0000000780000000, 0x0000000800000000)
  region size 1024K, 3 young (3072K), 3 survivors (3072K)
 Metaspace       used 9856K, capacity 9972K, committed 10240K, reserved 1058816K
  class space    used 886K, capacity 939K, committed 1024K, reserved 1048576K
}
Event: 1.532 GC heap before
{Heap before GC invocations=1 (full 0):
 garbage-first heap   total 131072K, used 79029K [0x0000000780000000, 0x0000000800000000)
  region size 1024K, 76 young (77824K), 3 survivors (3072K)
 Metaspace       used 14667K, capacity 14904K, committed 15104K, reserved 1062912K
  class space    used 1379K, capacity 1474K, committed 1536K, reserved 1048576K
}
Event: 1.560 GC heap after
{Heap after GC invocations=2 (full 0):
 garbage-first heap   total 131072K, used 31823K [0x0000000780000000, 0x0000000800000000)
  region size 1024K, 10 young (10240K), 10 survivors (10240K)
 Metaspace       used 14667K, capacity 14904K, committed 15104K, reserved 1062912K
  class space    used 1379K, capacity 1474K, committed 1536K, reserved 1048576K
}
Event: 1.865 GC heap before
{Heap before GC invocations=2 (full 0):
 garbage-first heap   total 131072K, used 53327K [0x0000000780000000, 0x0000000800000000)
  region size 1024K, 29 young (29696K), 10 survivors (10240K)
 Metaspace       used 14668K, capacity 14904K, committed 15104K, reserved 1062912K
  class space    used 1379K, capacity 1474K, committed 1536K, reserved 1048576K
}
Event: 1.889 GC heap after
{Heap after GC invocations=3 (full 0):
 garbage-first heap   total 131072K, used 49664K [0x0000000780000000, 0x0000000800000000)
  region size 1024K, 4 young (4096K), 4 survivors (4096K)
 Metaspace       used 14668K, capacity 14904K, committed 15104K, reserved 1062912K
  class space    used 1379K, capacity 1474K, committed 1536K, reserved 1048576K
}
Event: 2.155 GC heap before
{Heap before GC invocations=3 (full 0):
 garbage-first heap   total 131072K, used 70144K [0x0000000780000000, 0x0000000800000000)
  region size 1024K, 21 young (21504K), 4 survivors (4096K)
 Metaspace       used 14668K, capacity 14904K, committed 15104K, reserved 1062912K
  class space    used 1379K, capacity 1474K, committed 1536K, reserved 1048576K
}
Event: 2.164 GC heap after
{Heap after GC invocations=4 (full 0):
 garbage-first heap   total 131072K, used 66560K [0x0000000780000000, 0x0000000800000000)
  region size 1024K, 3 young (3072K), 3 survivors (3072K)
 Metaspace       used 14668K, capacity 14904K, committed 15104K, reserved 1062912K
  class space    used 1379K, capacity 1474K, committed 1536K, reserved 1048576K
}
Event: 2.475 GC heap before
{Heap before GC invocations=4 (full 0):
 garbage-first heap   total 131072K, used 83968K [0x0000000780000000, 0x0000000800000000)
  region size 1024K, 21 young (21504K), 3 survivors (3072K)
 Metaspace       used 14668K, capacity 14904K, committed 15104K, reserved 1062912K
  class space    used 1379K, capacity 1474K, committed 1536K, reserved 1048576K
}
Event: 2.484 GC heap after
{Heap after GC invocations=5 (full 0):
 garbage-first heap   total 173056K, used 80896K [0x0000000780000000, 0x0000000800000000)
  region size 1024K, 3 young (3072K), 3 survivors (3072K)
 Metaspace       used 14668K, capacity 14904K, committed 15104K, reserved 1062912K
  class space    used 1379K, capacity 1474K, committed 1536K, reserved 1048576K
}

