# JRE version: Java(TM) SE Runtime Environment 18.9 (11.0.10+8) (build 11.0.10+8-LTS-162)
# Java VM: Java HotSpot(TM) 64-Bit Server VM 18.9 (11.0.10+8-LTS-162, mixed mode, tiered, compressed oops, g1 gc, bsd-amd64)
Heap:
 garbage-first heap   total 131072K, used 71031K [0x00000007e0000000, 0x0000000800000000)
  region size 1024K, 24 young (24576K), 6 survivors (6144K)
 Metaspace       used 24815K, capacity 25178K, committed 25600K, reserved 1073152K
  class space    used 2565K, capacity 2705K, committed 2816K, reserved 1048576K
GC Heap History (10 events):
Event: 2.858 GC heap before
{Heap before GC invocations=5 (full 0):
 garbage-first heap   total 131072K, used 93187K [0x00000007e0000000, 0x0000000800000000)
  region size 1024K, 76 young (77824K), 8 survivors (8192K)
 Metaspace       used 20250K, capacity 20589K, committed 20992K, reserved 1069056K
  class space    used 2135K, capacity 2242K, committed 2304K, reserved 1048576K
}
Event: 2.868 GC heap after
{Heap after GC invocations=6 (full 0):
 garbage-first heap   total 131072K, used 29886K [0x00000007e0000000, 0x0000000800000000)
  region size 1024K, 7 young (7168K), 7 survivors (7168K)
 Metaspace       used 20250K, capacity 20589K, committed 20992K, reserved 1069056K
  class space    used 2135K, capacity 2242K, committed 2304K, reserved 1048576K
}
Event: 3.229 GC heap before
{Heap before GC invocations=6 (full 0):
 garbage-first heap   total 131072K, used 96446K [0x00000007e0000000, 0x0000000800000000)
  region size 1024K, 72 young (73728K), 7 survivors (7168K)
 Metaspace       used 20291K, capacity 20589K, committed 20992K, reserved 1069056K
  class space    used 2136K, capacity 2242K, committed 2304K, reserved 1048576K
}
Event: 3.239 GC heap after
{Heap after GC invocations=7 (full 0):
 garbage-first heap   total 131072K, used 36236K [0x00000007e0000000, 0x0000000800000000)
  region size 1024K, 7 young (7168K), 7 survivors (7168K)
 Metaspace       used 20291K, capacity 20589K, committed 20992K, reserved 1069056K
  class space    used 2136K, capacity 2242K, committed 2304K, reserved 1048576K
}
Event: 3.538 GC heap before
{Heap before GC invocations=7 (full 0):
 garbage-first heap   total 131072K, used 93580K [0x00000007e0000000, 0x0000000800000000)
  region size 1024K, 64 young (65536K), 7 survivors (7168K)
 Metaspace       used 20686K, capacity 20976K, committed 21248K, reserved 1069056K
  class space    used 2153K, capacity 2243K, committed 2304K, reserved 1048576K
}
Event: 3.550 GC heap after
{Heap after GC invocations=8 (full 0):
 garbage-first heap   total 131072K, used 41984K [0x00000007e0000000, 0x0000000800000000)
  region size 1024K, 6 young (6144K), 6 survivors (6144K)
 Metaspace       used 20686K, capacity 20976K, committed 21248K, reserved 1069056K
  class space    used 2153K, capacity 2243K, committed 2304K, reserved 1048576K
}
Event: 4.205 GC heap before
{Heap before GC invocations=9 (full 0):
 garbage-first heap   total 131072K, used 100352K [0x00000007e0000000, 0x0000000800000000)
  region size 1024K, 63 young (64512K), 6 survivors (6144K)
 Metaspace       used 24402K, capacity 24692K, committed 24960K, reserved 1071104K
  class space    used 2553K, capacity 2672K, committed 2688K, reserved 1048576K
}
Event: 4.218 GC heap after
{Heap after GC invocations=10 (full 0):
 garbage-first heap   total 131072K, used 47602K [0x00000007e0000000, 0x0000000800000000)
  region size 1024K, 6 young (6144K), 6 survivors (6144K)
 Metaspace       used 24402K, capacity 24692K, committed 24960K, reserved 1071104K
  class space    used 2553K, capacity 2672K, committed 2688K, reserved 1048576K
}
Event: 4.570 GC heap before
{Heap before GC invocations=11 (full 0):
 garbage-first heap   total 131072K, used 100850K [0x00000007e0000000, 0x0000000800000000)
  region size 1024K, 58 young (59392K), 6 survivors (6144K)
 Metaspace       used 24793K, capacity 25178K, committed 25600K, reserved 1073152K
  class space    used 2564K, capacity 2705K, committed 2816K, reserved 1048576K
}
Event: 4.582 GC heap after
{Heap after GC invocations=12 (full 0):
 garbage-first heap   total 131072K, used 53623K [0x00000007e0000000, 0x0000000800000000)
  region size 1024K, 6 young (6144K), 6 survivors (6144K)
 Metaspace       used 24793K, capacity 25178K, committed 25600K, reserved 1073152K
  class space    used 2564K, capacity 2705K, committed 2816K, reserved 1048576K
}

