# JRE version: Java(TM) SE Runtime Environment 18.9 (11.0.10+8) (build 11.0.10+8-LTS-162)
# Java VM: Java HotSpot(TM) 64-Bit Server VM 18.9 (11.0.10+8-LTS-162, mixed mode, tiered, compressed oops, g1 gc, bsd-amd64)
Heap:
 garbage-first heap   total 157696K, used 39197K [0x0000000780000000, 0x0000000800000000)
  region size 1024K, 18 young (18432K), 10 survivors (10240K)
 Metaspace       used 35056K, capacity 35819K, committed 36176K, reserved 1081344K
  class space    used 3663K, capacity 3973K, committed 4096K, reserved 1048576K
GC Heap History (10 events):
Event: 1.792 GC heap before
{Heap before GC invocations=1 (full 0):
 garbage-first heap   total 131072K, used 78176K [0x0000000780000000, 0x0000000800000000)
  region size 1024K, 76 young (77824K), 3 survivors (3072K)
 Metaspace       used 20581K, capacity 20906K, committed 21296K, reserved 1069056K
  class space    used 2172K, capacity 2310K, committed 2432K, reserved 1048576K
}
Event: 1.800 GC heap after
{Heap after GC invocations=2 (full 0):
 garbage-first heap   total 131072K, used 8054K [0x0000000780000000, 0x0000000800000000)
  region size 1024K, 8 young (8192K), 8 survivors (8192K)
 Metaspace       used 20581K, capacity 20906K, committed 21296K, reserved 1069056K
  class space    used 2172K, capacity 2310K, committed 2432K, reserved 1048576K
}
Event: 1.804 GC heap before
{Heap before GC invocations=2 (full 0):
 garbage-first heap   total 131072K, used 8054K [0x0000000780000000, 0x0000000800000000)
  region size 1024K, 9 young (9216K), 8 survivors (8192K)
 Metaspace       used 20583K, capacity 20906K, committed 21296K, reserved 1069056K
  class space    used 2172K, capacity 2310K, committed 2432K, reserved 1048576K
}
Event: 1.810 GC heap after
{Heap after GC invocations=3 (full 0):
 garbage-first heap   total 131072K, used 8291K [0x0000000780000000, 0x0000000800000000)
  region size 1024K, 5 young (5120K), 5 survivors (5120K)
 Metaspace       used 20583K, capacity 20906K, committed 21296K, reserved 1069056K
  class space    used 2172K, capacity 2310K, committed 2432K, reserved 1048576K
}
Event: 2.487 GC heap before
{Heap before GC invocations=4 (full 0):
 garbage-first heap   total 131072K, used 80995K [0x0000000780000000, 0x0000000800000000)
  region size 1024K, 76 young (77824K), 5 survivors (5120K)
 Metaspace       used 22617K, capacity 23043K, committed 23472K, reserved 1071104K
  class space    used 2353K, capacity 2488K, committed 2560K, reserved 1048576K
}
Event: 2.493 GC heap after
{Heap after GC invocations=5 (full 0):
 garbage-first heap   total 131072K, used 11998K [0x0000000780000000, 0x0000000800000000)
  region size 1024K, 9 young (9216K), 9 survivors (9216K)
 Metaspace       used 22617K, capacity 23043K, committed 23472K, reserved 1071104K
  class space    used 2353K, capacity 2488K, committed 2560K, reserved 1048576K
}
Event: 3.383 GC heap before
{Heap before GC invocations=5 (full 0):
 garbage-first heap   total 131072K, used 80606K [0x0000000780000000, 0x0000000800000000)
  region size 1024K, 76 young (77824K), 9 survivors (9216K)
 Metaspace       used 32401K, capacity 33104K, committed 33328K, reserved 1079296K
  class space    used 3440K, capacity 3696K, committed 3712K, reserved 1048576K
}
Event: 3.401 GC heap after
{Heap after GC invocations=6 (full 0):
 garbage-first heap   total 157696K, used 21922K [0x0000000780000000, 0x0000000800000000)
  region size 1024K, 10 young (10240K), 10 survivors (10240K)
 Metaspace       used 32401K, capacity 33104K, committed 33328K, reserved 1079296K
  class space    used 3440K, capacity 3696K, committed 3712K, reserved 1048576K
}
Event: 3.984 GC heap before
{Heap before GC invocations=6 (full 0):
 garbage-first heap   total 157696K, used 73122K [0x0000000780000000, 0x0000000800000000)
  region size 1024K, 60 young (61440K), 10 survivors (10240K)
 Metaspace       used 35001K, capacity 35740K, committed 35920K, reserved 1081344K
  class space    used 3661K, capacity 3969K, committed 4096K, reserved 1048576K
}
Event: 4.000 GC heap after
{Heap after GC invocations=7 (full 0):
 garbage-first heap   total 157696K, used 32029K [0x0000000780000000, 0x0000000800000000)
  region size 1024K, 10 young (10240K), 10 survivors (10240K)
 Metaspace       used 35001K, capacity 35740K, committed 35920K, reserved 1081344K
  class space    used 3661K, capacity 3969K, committed 4096K, reserved 1048576K
}

